The system is: Linux - sh: 0: getcwd() failed: No such file or directory
5.10.16.3-microsoft-standard-WSL2 - sh: 0: getcwd() failed: No such file or directory
x86_64
Determining if the C compiler works passed with the following output:
Change Dir: /mnt/c/Users/ywonp/Desktop/study/grammer/cpp/cmake_used/build/CMakeFiles/CMakeTmp

Run Build Command:"/usr/bin/make" "cmTC_b1301/fast"
/usr/bin/make -f CMakeFiles/cmTC_b1301.dir/build.make CMakeFiles/cmTC_b1301.dir/build
make[1]: Entering directory '/mnt/c/Users/ywonp/Desktop/study/grammer/cpp/cmake_used/build/CMakeFiles/CMakeTmp'
Building C object CMakeFiles/cmTC_b1301.dir/testCCompiler.c.o
/usr/bin/x86_64-linux-gnu-gcc-7    -o CMakeFiles/cmTC_b1301.dir/testCCompiler.c.o   -c /mnt/c/Users/ywonp/Desktop/study/grammer/cpp/cmake_used/build/CMakeFiles/CMakeTmp/testCCompiler.c
Linking C executable cmTC_b1301
/usr/bin/cmake -E cmake_link_script CMakeFiles/cmTC_b1301.dir/link.txt --verbose=1
/usr/bin/x86_64-linux-gnu-gcc-7      CMakeFiles/cmTC_b1301.dir/testCCompiler.c.o  -o cmTC_b1301 
make[1]: Leaving directory '/mnt/c/Users/ywonp/Desktop/study/grammer/cpp/cmake_used/build/CMakeFiles/CMakeTmp'


Detecting C compiler ABI info compiled with the following output:
Change Dir: /mnt/c/Users/ywonp/Desktop/study/grammer/cpp/cmake_used/build/CMakeFiles/CMakeTmp

Run Build Command:"/usr/bin/make" "cmTC_63491/fast"
/usr/bin/make -f CMakeFiles/cmTC_63491.dir/build.make CMakeFiles/cmTC_63491.dir/build
make[1]: Entering directory '/mnt/c/Users/ywonp/Desktop/study/grammer/cpp/cmake_used/build/CMakeFiles/CMakeTmp'
Building C object CMakeFiles/cmTC_63491.dir/CMakeCCompilerABI.c.o
/usr/bin/x86_64-linux-gnu-gcc-7    -o CMakeFiles/cmTC_63491.dir/CMakeCCompilerABI.c.o   -c /usr/share/cmake-3.10/Modules/CMakeCCompilerABI.c
Linking C executable cmTC_63491
/usr/bin/cmake -E cmake_link_script CMakeFiles/cmTC_63491.dir/link.txt --verbose=1
/usr/bin/x86_64-linux-gnu-gcc-7      CMakeFiles/cmTC_63491.dir/CMakeCCompilerABI.c.o  -o cmTC_63491 
make[1]: Leaving directory '/mnt/c/Users/ywonp/Desktop/study/grammer/cpp/cmake_used/build/CMakeFiles/CMakeTmp'


Determining if the CXX compiler works passed with the following output:
Change Dir: /mnt/c/Users/ywonp/Desktop/study/grammer/cpp/cmake_used/build/CMakeFiles/CMakeTmp

Run Build Command:"/usr/bin/make" "cmTC_05e9d/fast"
/usr/bin/make -f CMakeFiles/cmTC_05e9d.dir/build.make CMakeFiles/cmTC_05e9d.dir/build
make[1]: Entering directory '/mnt/c/Users/ywonp/Desktop/study/grammer/cpp/cmake_used/build/CMakeFiles/CMakeTmp'
Building CXX object CMakeFiles/cmTC_05e9d.dir/testCXXCompiler.cxx.o
/usr/bin/c++     -o CMakeFiles/cmTC_05e9d.dir/testCXXCompiler.cxx.o -c /mnt/c/Users/ywonp/Desktop/study/grammer/cpp/cmake_used/build/CMakeFiles/CMakeTmp/testCXXCompiler.cxx
Linking CXX executable cmTC_05e9d
/usr/bin/cmake -E cmake_link_script CMakeFiles/cmTC_05e9d.dir/link.txt --verbose=1
/usr/bin/c++       CMakeFiles/cmTC_05e9d.dir/testCXXCompiler.cxx.o  -o cmTC_05e9d 
make[1]: Leaving directory '/mnt/c/Users/ywonp/Desktop/study/grammer/cpp/cmake_used/build/CMakeFiles/CMakeTmp'


Detecting CXX compiler ABI info compiled with the following output:
Change Dir: /mnt/c/Users/ywonp/Desktop/study/grammer/cpp/cmake_used/build/CMakeFiles/CMakeTmp

Run Build Command:"/usr/bin/make" "cmTC_1bbdd/fast"
/usr/bin/make -f CMakeFiles/cmTC_1bbdd.dir/build.make CMakeFiles/cmTC_1bbdd.dir/build
make[1]: Entering directory '/mnt/c/Users/ywonp/Desktop/study/grammer/cpp/cmake_used/build/CMakeFiles/CMakeTmp'
Building CXX object CMakeFiles/cmTC_1bbdd.dir/CMakeCXXCompilerABI.cpp.o
/usr/bin/c++     -o CMakeFiles/cmTC_1bbdd.dir/CMakeCXXCompilerABI.cpp.o -c /usr/share/cmake-3.10/Modules/CMakeCXXCompilerABI.cpp
Linking CXX executable cmTC_1bbdd
/usr/bin/cmake -E cmake_link_script CMakeFiles/cmTC_1bbdd.dir/link.txt --verbose=1
/usr/bin/c++       CMakeFiles/cmTC_1bbdd.dir/CMakeCXXCompilerABI.cpp.o  -o cmTC_1bbdd 
make[1]: Leaving directory '/mnt/c/Users/ywonp/Desktop/study/grammer/cpp/cmake_used/build/CMakeFiles/CMakeTmp'


